<?xml version="1.0" encoding="UTF-8"?>
<!-- Generated by org.testng.reporters.JUnitReportReporter -->
<testsuite hostname="DESKTOP-K19HE86" failures="0" tests="3" name="com.CRM.TestCase.HomePageTestCase" time="3.187" errors="0" timestamp="2024-07-20T14:57:48 IST" skipped="0">
  <testcase classname="com.CRM.TestCase.HomePageTestCase" name="verifyUrl" time="1.581"/>
  <testcase classname="com.CRM.TestCase.HomePageTestCase" name="verifyTitle" time="0.138"/>
  <testcase classname="com.CRM.TestCase.HomePageTestCase" name="validateSignInLink" time="1.468"/>
</testsuite> <!-- com.CRM.TestCase.HomePageTestCase -->
