<?xml version="1.0" encoding="UTF-8"?>
<!-- Generated by org.testng.reporters.JUnitReportReporter -->
<testsuite hostname="DESKTOP-K19HE86" failures="0" tests="1" name="com.CRM.TestCase.LoginPageTestCase" time="1.160" errors="0" timestamp="2024-07-16T09:27:22 IST" skipped="0">
  <testcase classname="com.CRM.TestCase.LoginPageTestCase" name="validateLogin" time="1.160"/>
</testsuite> <!-- com.CRM.TestCase.LoginPageTestCase -->
