<?xml version="1.0" encoding="UTF-8"?>
<!-- Generated by org.testng.reporters.JUnitReportReporter -->
<testsuite hostname="DESKTOP-K19HE86" failures="0" tests="1" name="com.CRM.TestCase.LoginPageTestCase" time="11.916" errors="0" timestamp="2024-07-20T14:57:48 IST" skipped="0">
  <testcase classname="com.CRM.TestCase.LoginPageTestCase" name="validateLogin" time="11.916"/>
</testsuite> <!-- com.CRM.TestCase.LoginPageTestCase -->
