<?xml version="1.0" encoding="UTF-8"?>
<!-- Generated by org.testng.reporters.JUnitReportReporter -->
<testsuite hostname="DESKTOP-K19HE86" failures="0" tests="1" name="com.CRM.TestCase.LoginPageTestCase" time="4.411" errors="0" timestamp="2024-07-16T13:32:43 IST" skipped="0">
  <testcase classname="com.CRM.TestCase.LoginPageTestCase" name="validateLogin" time="4.411"/>
</testsuite> <!-- com.CRM.TestCase.LoginPageTestCase -->
