<?xml version="1.0" encoding="UTF-8"?>
<!-- Generated by org.testng.reporters.JUnitReportReporter -->
<testsuite hostname="DESKTOP-K19HE86" failures="0" tests="3" name="com.CRM.TestCase.HomePageTestCase" time="1.037" errors="0" timestamp="2024-07-16T13:32:43 IST" skipped="0">
  <testcase classname="com.CRM.TestCase.HomePageTestCase" name="verifyUrl" time="0.026"/>
  <testcase classname="com.CRM.TestCase.HomePageTestCase" name="verifyTitle" time="0.022"/>
  <testcase classname="com.CRM.TestCase.HomePageTestCase" name="validateSignInLink" time="0.989"/>
</testsuite> <!-- com.CRM.TestCase.HomePageTestCase -->
